2022-12-27 21:46:52,552 [INFO] Activator:179 - 


2022-12-27 21:46:52,553 [INFO] Activator:180 - !SESSION log4j initialized
2022-12-27 21:47:14,597 [ERROR] LogOutputStream:74 - [STDERR_REDIRECT] SLF4J: Failed to load class "org.slf4j.impl.StaticLoggerBinder".
2022-12-27 21:47:14,598 [ERROR] LogOutputStream:74 - [STDERR_REDIRECT] SLF4J: Defaulting to no-operation (NOP) logger implementation
2022-12-27 21:47:14,598 [ERROR] LogOutputStream:74 - [STDERR_REDIRECT] SLF4J: See http://www.slf4j.org/codes.html#StaticLoggerBinder for further details.
2022-12-27 21:49:07,783 [INFO] McuFinderGlobals:52 - Set McuFinder mode to 2 (CubeIDE integrated)
2022-12-27 21:49:07,876 [INFO] ApplicationProperties:181 - Using Application install path: /opt/st/stm32cubeide_1.11.0/plugins/com.st.stm32cube.common.mx_6.7.0.202211181646
2022-12-27 21:49:07,893 [INFO] DbMcusXml:77 - Set database path to: /opt/st/stm32cubeide_1.11.0/plugins/com.st.stm32cube.common.mx_6.7.0.202211181646//db//mcu/
2022-12-27 21:49:07,894 [INFO] ApiDb:273 - Set plugin database path to: /opt/st/stm32cubeide_1.11.0/plugins/com.st.stm32cube.common.mx_6.7.0.202211181646//db//plugins/boardmanager/
2022-12-27 21:49:07,897 [WARN] ApiDb:258 - Overriding images path with different value:  => /opt/st/stm32cubeide_1.11.0/plugins/com.st.stm32cube.common.mx_6.7.0.202211181646//db//plugins/mcufinder/images/
2022-12-27 21:49:07,913 [INFO] ApiDb:249 - Set database path to: /home/cil/.stmcufinder/plugins/mcufinder//mcu/
2022-12-27 21:49:07,914 [INFO] DbMcusAds:124 - Set database path to: /home/cil/.stmcufinder/plugins/mcufinder//mcu/
2022-12-27 21:49:07,923 [INFO] CrossReferenceDbSqlite:202 - Set database path to: /home/cil/.stmcufinder/plugins/mcufinder//mcu/cs/
2022-12-27 21:49:08,003 [INFO] RulesReader:61 - Compatibility file has been processed (283 Rules)
2022-12-27 21:49:08,048 [INFO] DbMcusXml:77 - Set database path to: /opt/st/stm32cubeide_1.11.0/plugins/com.st.stm32cube.common.mx_6.7.0.202211181646//db//mcu/
2022-12-27 21:49:08,048 [INFO] ApiDb:273 - Set plugin database path to: /opt/st/stm32cubeide_1.11.0/plugins/com.st.stm32cube.common.mx_6.7.0.202211181646//db//plugins/boardmanager/
2022-12-27 21:49:08,048 [INFO] ApiDb:260 - Set plugin images path to: /opt/st/stm32cubeide_1.11.0/plugins/com.st.stm32cube.common.mx_6.7.0.202211181646//db//plugins/mcufinder/images/
2022-12-27 21:49:08,049 [WARN] DbFile:40 - Overriding database path with different value: /home/cil/.stmcufinder/plugins/mcufinder/ => /home/cil/.stmcufinder/plugins/mcufinder
2022-12-27 21:49:08,049 [INFO] ApiDb:249 - Set database path to: /home/cil/.stmcufinder/plugins/mcufinder//mcu/
2022-12-27 21:49:08,049 [WARN] DbFile:40 - Overriding database path with different value: /home/cil/.stmcufinder/plugins/mcufinder/ => /home/cil/.stmcufinder/plugins/mcufinder
2022-12-27 21:49:08,049 [INFO] DbMcusAds:124 - Set database path to: /home/cil/.stmcufinder/plugins/mcufinder//mcu/
2022-12-27 21:49:08,050 [WARN] DbFile:40 - Overriding database path with different value: /home/cil/.stmcufinder/plugins/mcufinder/ => /home/cil/.stmcufinder/plugins/mcufinder
2022-12-27 21:49:08,050 [WARN] DbFile:40 - Overriding database path with different value: /home/cil/.stmcufinder/plugins/mcufinder/ => /home/cil/.stmcufinder/plugins/mcufinder
2022-12-27 21:49:08,050 [INFO] CrossReferenceDbSqlite:202 - Set database path to: /home/cil/.stmcufinder/plugins/mcufinder//mcu/cs/
2022-12-27 21:49:08,107 [INFO] MainPanel:252 - HeapMemory: 268435456
2022-12-27 21:49:08,190 [INFO] DbMcusXml:77 - Set database path to: /opt/st/stm32cubeide_1.11.0/plugins/com.st.stm32cube.common.mx_6.7.0.202211181646//db//mcu/
2022-12-27 21:49:08,191 [INFO] ApiDb:273 - Set plugin database path to: /opt/st/stm32cubeide_1.11.0/plugins/com.st.stm32cube.common.mx_6.7.0.202211181646//db//plugins/boardmanager/
2022-12-27 21:49:08,191 [INFO] ApiDb:260 - Set plugin images path to: /opt/st/stm32cubeide_1.11.0/plugins/com.st.stm32cube.common.mx_6.7.0.202211181646//db//plugins/mcufinder/images/
2022-12-27 21:49:08,191 [WARN] DbFile:40 - Overriding database path with different value: /home/cil/.stmcufinder/plugins/mcufinder/ => /home/cil/.stmcufinder/plugins/mcufinder
2022-12-27 21:49:08,191 [INFO] ApiDb:249 - Set database path to: /home/cil/.stmcufinder/plugins/mcufinder//mcu/
2022-12-27 21:49:08,191 [WARN] DbFile:40 - Overriding database path with different value: /home/cil/.stmcufinder/plugins/mcufinder/ => /home/cil/.stmcufinder/plugins/mcufinder
2022-12-27 21:49:08,192 [INFO] DbMcusAds:124 - Set database path to: /home/cil/.stmcufinder/plugins/mcufinder//mcu/
2022-12-27 21:49:08,192 [WARN] DbFile:40 - Overriding database path with different value: /home/cil/.stmcufinder/plugins/mcufinder/ => /home/cil/.stmcufinder/plugins/mcufinder
2022-12-27 21:49:08,192 [WARN] DbFile:40 - Overriding database path with different value: /home/cil/.stmcufinder/plugins/mcufinder/ => /home/cil/.stmcufinder/plugins/mcufinder
2022-12-27 21:49:08,192 [INFO] CrossReferenceDbSqlite:202 - Set database path to: /home/cil/.stmcufinder/plugins/mcufinder//mcu/cs/
2022-12-27 21:49:08,211 [INFO] ApplicationProperties:181 - Using Application install path: /opt/st/stm32cubeide_1.11.0/plugins/com.st.stm32cube.common.mx_6.7.0.202211181646
2022-12-27 21:49:08,213 [INFO] PluginManage:193 - Search for loadable plugins [exclusion list=, ]
2022-12-27 21:49:08,215 [INFO] PluginManage:307 - Check plugin analytics
2022-12-27 21:49:08,354 [INFO] AnalyticsPlugin:262 - Accepted Software Licenses: 
2022-12-27 21:49:08,355 [INFO] AnalyticsPlugin:264 - Accepted CMSIS Pack Licenses: 
2022-12-27 21:49:08,355 [INFO] AnalyticsPlugin:266 - Accepted Firmware Licenses: 
2022-12-27 21:49:08,360 [INFO] PluginManage:356 - Loaded plugin analytics (category:tool,tabindex:-1)
2022-12-27 21:49:08,360 [INFO] PluginManage:307 - Check plugin cadmodel
2022-12-27 21:49:08,446 [INFO] CADModel:104 - Init CAD model plugin
2022-12-27 21:49:08,446 [INFO] PluginManage:356 - Loaded plugin cadmodel (category:power,tabindex:5)
2022-12-27 21:49:08,446 [INFO] PluginManage:307 - Check plugin clock
2022-12-27 21:49:08,454 [INFO] PluginManage:356 - Loaded plugin clock (category:base,tabindex:2)
2022-12-27 21:49:08,454 [INFO] PluginManage:307 - Check plugin ddr
2022-12-27 21:49:08,456 [INFO] PluginManage:356 - Loaded plugin ddr (category:tool,tabindex:6)
2022-12-27 21:49:08,456 [INFO] PluginManage:307 - Check plugin filemanager
2022-12-27 21:49:08,559 [INFO] PluginManage:356 - Loaded plugin filemanager (category:base,tabindex:10)
2022-12-27 21:49:08,559 [INFO] PluginManage:307 - Check plugin ipmanager
2022-12-27 21:49:08,563 [INFO] PluginManage:356 - Loaded plugin ipmanager (category:base,tabindex:5)
2022-12-27 21:49:08,564 [INFO] PluginManage:307 - Check plugin lpbam
2022-12-27 21:49:08,570 [INFO] PluginManage:356 - Loaded plugin lpbam (category:base,tabindex:0)
2022-12-27 21:49:08,570 [INFO] PluginManage:307 - Check plugin pinoutandconfiguration
2022-12-27 21:49:08,576 [INFO] PluginManage:356 - Loaded plugin pinoutandconfiguration (category:base,tabindex:1)
2022-12-27 21:49:08,576 [INFO] PluginManage:307 - Check plugin pinoutconfig
2022-12-27 21:49:08,596 [INFO] PluginManage:356 - Loaded plugin pinoutconfig (category:base,tabindex:0)
2022-12-27 21:49:08,597 [INFO] PluginManage:307 - Check plugin power
2022-12-27 21:49:08,604 [INFO] PluginManage:356 - Loaded plugin power (category:power,tabindex:4)
2022-12-27 21:49:08,604 [INFO] PluginManage:307 - Check plugin projectmanager
2022-12-27 21:49:08,615 [INFO] PluginManage:356 - Loaded plugin projectmanager (category:projectmanager,tabindex:3)
2022-12-27 21:49:08,615 [INFO] PluginManage:307 - Check plugin thirdparty
2022-12-27 21:49:08,699 [WARN] IntegrityCheckThread:82 - waiting for thirdparty lock release [integrity check]
2022-12-27 21:49:08,700 [INFO] IntegrityCheckThread:84 - entering critical section [integrity check]
2022-12-27 21:49:08,700 [INFO] PluginManage:356 - Loaded plugin thirdparty (category:base,tabindex:-1)
2022-12-27 21:49:08,700 [INFO] PluginManage:307 - Check plugin tools
2022-12-27 21:49:08,701 [INFO] ThirdPartyUpdaterWithRetryManager:70 - Updater plugin not ready yet. [1/15]
2022-12-27 21:49:08,702 [INFO] PluginManage:356 - Loaded plugin tools (category:base,tabindex:7)
2022-12-27 21:49:08,702 [INFO] PluginManage:307 - Check plugin tutovideos
2022-12-27 21:49:08,860 [INFO] PluginManage:356 - Loaded plugin tutovideos (category:base,tabindex:-1)
2022-12-27 21:49:08,860 [INFO] PluginManage:307 - Check plugin updater
2022-12-27 21:49:08,872 [INFO] PluginManage:356 - Loaded plugin updater (category:base,tabindex:12)
2022-12-27 21:49:08,873 [INFO] PluginManage:280 - PluginManage : Loaded plugins [15]
2022-12-27 21:49:09,025 [INFO] PinOutPanel:1477 - setPackage(No Configuration,No Configuration)
2022-12-27 21:49:09,069 [INFO] CADModel:164 - CPN selected for project level
2022-12-27 21:49:09,070 [INFO] CADModel:113 - Register for checkConnection events
2022-12-27 21:49:09,084 [INFO] IPUIPlugin:79 - create IPUIPlugin
2022-12-27 21:49:09,085 [INFO] PluginManager:219 - loadIPPluginJar : add gic
2022-12-27 21:49:09,091 [INFO] IPUIPlugin:79 - create IPUIPlugin
2022-12-27 21:49:09,091 [INFO] PluginManager:219 - loadIPPluginJar : add nvic
2022-12-27 21:49:09,095 [INFO] IPUIPlugin:79 - create IPUIPlugin
2022-12-27 21:49:09,095 [INFO] PluginManager:219 - loadIPPluginJar : add quadspi
2022-12-27 21:49:09,103 [INFO] IPUIPlugin:79 - create IPUIPlugin
2022-12-27 21:49:09,104 [INFO] PluginManager:219 - loadIPPluginJar : add mdma
2022-12-27 21:49:09,106 [INFO] IPUIPlugin:79 - create IPUIPlugin
2022-12-27 21:49:09,106 [INFO] PluginManager:219 - loadIPPluginJar : add ucpd
2022-12-27 21:49:09,112 [INFO] IPUIPlugin:79 - create IPUIPlugin
2022-12-27 21:49:09,112 [INFO] PluginManager:219 - loadIPPluginJar : add can
2022-12-27 21:49:09,120 [INFO] IPUIPlugin:79 - create IPUIPlugin
2022-12-27 21:49:09,120 [INFO] PluginManager:219 - loadIPPluginJar : add stm32_wpan
2022-12-27 21:49:09,125 [INFO] IPUIPlugin:79 - create IPUIPlugin
2022-12-27 21:49:09,125 [INFO] PluginManager:219 - loadIPPluginJar : add openamp
2022-12-27 21:49:09,129 [INFO] IPUIPlugin:79 - create IPUIPlugin
2022-12-27 21:49:09,129 [INFO] PluginManager:219 - loadIPPluginJar : add ipddr
2022-12-27 21:49:09,132 [INFO] IPUIPlugin:79 - create IPUIPlugin
2022-12-27 21:49:09,133 [INFO] PluginManager:219 - loadIPPluginJar : add i2c
2022-12-27 21:49:09,138 [INFO] IPUIPlugin:79 - create IPUIPlugin
2022-12-27 21:49:09,139 [INFO] PluginManager:219 - loadIPPluginJar : add fmc
2022-12-27 21:49:09,146 [INFO] IPUIPlugin:79 - create IPUIPlugin
2022-12-27 21:49:09,146 [INFO] PluginManager:219 - loadIPPluginJar : add adc
2022-12-27 21:49:09,155 [INFO] IPUIPlugin:79 - create IPUIPlugin
2022-12-27 21:49:09,158 [INFO] PluginManager:219 - loadIPPluginJar : add plateformsettings
2022-12-27 21:49:09,161 [INFO] IPUIPlugin:79 - create IPUIPlugin
2022-12-27 21:49:09,161 [INFO] PluginManager:219 - loadIPPluginJar : add i2s
2022-12-27 21:49:09,166 [INFO] IPUIPlugin:79 - create IPUIPlugin
2022-12-27 21:49:09,167 [INFO] PluginManager:219 - loadIPPluginJar : add resmgrutility
2022-12-27 21:49:09,174 [INFO] IPUIPlugin:79 - create IPUIPlugin
2022-12-27 21:49:09,174 [INFO] PluginManager:219 - loadIPPluginJar : add freertos
2022-12-27 21:49:09,177 [INFO] IPUIPlugin:79 - create IPUIPlugin
2022-12-27 21:49:09,178 [INFO] PluginManager:219 - loadIPPluginJar : add usbx
2022-12-27 21:49:09,180 [INFO] IPUIPlugin:79 - create IPUIPlugin
2022-12-27 21:49:09,180 [INFO] PluginManager:219 - loadIPPluginJar : add gfxmmu
2022-12-27 21:49:09,183 [INFO] IPUIPlugin:79 - create IPUIPlugin
2022-12-27 21:49:09,183 [INFO] PluginManager:219 - loadIPPluginJar : add spi
2022-12-27 21:49:09,186 [INFO] IPUIPlugin:79 - create IPUIPlugin
2022-12-27 21:49:09,187 [INFO] PluginManager:219 - loadIPPluginJar : add opamp
2022-12-27 21:49:09,195 [INFO] IPUIPlugin:79 - create IPUIPlugin
2022-12-27 21:49:09,196 [INFO] PluginManager:219 - loadIPPluginJar : add linkedlist
2022-12-27 21:49:09,199 [INFO] IPUIPlugin:79 - create IPUIPlugin
2022-12-27 21:49:09,200 [INFO] PluginManager:219 - loadIPPluginJar : add usart
2022-12-27 21:49:09,205 [INFO] IPUIPlugin:79 - create IPUIPlugin
2022-12-27 21:49:09,206 [INFO] PluginManager:219 - loadIPPluginJar : add gpio
2022-12-27 21:49:09,207 [INFO] IPUIPlugin:79 - create IPUIPlugin
2022-12-27 21:49:09,207 [INFO] PluginManager:219 - loadIPPluginJar : add fatfs
2022-12-27 21:49:09,209 [INFO] IPUIPlugin:79 - create IPUIPlugin
2022-12-27 21:49:09,210 [INFO] PluginManager:219 - loadIPPluginJar : add comp
2022-12-27 21:49:09,212 [INFO] IPUIPlugin:79 - create IPUIPlugin
2022-12-27 21:49:09,212 [INFO] PluginManager:219 - loadIPPluginJar : add cryp
2022-12-27 21:49:09,214 [INFO] IPUIPlugin:79 - create IPUIPlugin
2022-12-27 21:49:09,214 [INFO] PluginManager:219 - loadIPPluginJar : add genericplugin
2022-12-27 21:49:09,216 [INFO] IPUIPlugin:79 - create IPUIPlugin
2022-12-27 21:49:09,216 [INFO] PluginManager:219 - loadIPPluginJar : add tim
2022-12-27 21:49:09,221 [INFO] IPUIPlugin:79 - create IPUIPlugin
2022-12-27 21:49:09,221 [INFO] PluginManager:219 - loadIPPluginJar : add touchsensing
2022-12-27 21:49:09,223 [INFO] IPUIPlugin:79 - create IPUIPlugin
2022-12-27 21:49:09,223 [INFO] PluginManager:219 - loadIPPluginJar : add lorawan
2022-12-27 21:49:09,226 [INFO] IPUIPlugin:79 - create IPUIPlugin
2022-12-27 21:49:09,226 [INFO] PluginManager:219 - loadIPPluginJar : add dma3
2022-12-27 21:49:09,230 [INFO] IPUIPlugin:79 - create IPUIPlugin
2022-12-27 21:49:09,230 [INFO] PluginManager:219 - loadIPPluginJar : add gtzc
2022-12-27 21:49:09,233 [INFO] IPUIPlugin:79 - create IPUIPlugin
2022-12-27 21:49:09,234 [INFO] PluginManager:219 - loadIPPluginJar : add sai
2022-12-27 21:49:09,236 [INFO] IPUIPlugin:79 - create IPUIPlugin
2022-12-27 21:49:09,236 [INFO] PluginManager:219 - loadIPPluginJar : add ts
2022-12-27 21:49:09,239 [INFO] IPUIPlugin:79 - create IPUIPlugin
2022-12-27 21:49:09,239 [INFO] PluginManager:219 - loadIPPluginJar : add tracer_emb
2022-12-27 21:49:09,242 [INFO] IPUIPlugin:79 - create IPUIPlugin
2022-12-27 21:49:09,242 [INFO] PluginManager:219 - loadIPPluginJar : add dfsdm
2022-12-27 21:49:09,245 [INFO] IPUIPlugin:79 - create IPUIPlugin
2022-12-27 21:49:09,245 [INFO] PluginManager:219 - loadIPPluginJar : add pdm2pcm
2022-12-27 21:49:09,248 [INFO] IPUIPlugin:79 - create IPUIPlugin
2022-12-27 21:49:09,248 [INFO] PluginManager:219 - loadIPPluginJar : add aes
2022-12-27 21:49:09,255 [INFO] IPUIPlugin:79 - create IPUIPlugin
2022-12-27 21:49:09,256 [INFO] PluginManager:219 - loadIPPluginJar : add dma
2022-12-27 21:49:09,258 [INFO] IPUIPlugin:79 - create IPUIPlugin
2022-12-27 21:49:09,258 [INFO] PluginManager:219 - loadIPPluginJar : add ltdc
2022-12-27 21:49:09,260 [INFO] IPUIPlugin:79 - create IPUIPlugin
2022-12-27 21:49:09,260 [INFO] PluginManager:219 - loadIPPluginJar : add tsc
2022-12-27 21:49:09,263 [INFO] IPUIPlugin:79 - create IPUIPlugin
2022-12-27 21:49:09,263 [INFO] PluginManager:219 - loadIPPluginJar : add hash
2022-12-27 21:49:09,370 [INFO] CADModel:164 - CPN selected for project level
2022-12-27 21:49:09,370 [INFO] CADModel:113 - Register for checkConnection events
2022-12-27 21:49:09,371 [FATAL] Updater:308 - Updater called before beeing initialized
2022-12-27 21:49:09,371 [ERROR] CADModel:124 - Updater not yet initialized, retry later 
2022-12-27 21:49:09,520 [INFO] CADModel:164 - CPN selected for project level
2022-12-27 21:49:09,521 [INFO] CADModel:113 - Register for checkConnection events
2022-12-27 21:49:09,521 [FATAL] Updater:308 - Updater called before beeing initialized
2022-12-27 21:49:09,521 [ERROR] CADModel:124 - Updater not yet initialized, retry later 
2022-12-27 21:49:09,525 [FATAL] Updater:308 - Updater called before beeing initialized
2022-12-27 21:49:09,614 [FATAL] Updater:308 - Updater called before beeing initialized
2022-12-27 21:49:09,622 [INFO] DbMcusAds:52 - JSON generation date=Thu Sep 30 08:55:09 CEST 2021 (1632984909377)
2022-12-27 21:49:09,622 [FATAL] Updater:308 - Updater called before beeing initialized
2022-12-27 21:49:09,667 [WARN] DetailPanel:344 - Failed to get advertising image, set to default
2022-12-27 21:49:09,821 [FATAL] Updater:308 - Updater called before beeing initialized
2022-12-27 21:49:09,823 [FATAL] Updater:308 - Updater called before beeing initialized
2022-12-27 21:49:09,823 [FATAL] Updater:308 - Updater called before beeing initialized
2022-12-27 21:49:09,823 [WARN] DetailPanel:344 - Failed to get advertising image, set to default
2022-12-27 21:49:09,824 [FATAL] Updater:308 - Updater called before beeing initialized
2022-12-27 21:49:09,856 [ERROR] Updater:1120 - MainUpdater not yet initialized. External WinMGr cannot be set.
2022-12-27 21:49:09,878 [INFO] Updater:1056 - Updater Version found : 6.7.0
2022-12-27 21:49:09,901 [INFO] ApplicationProperties:181 - Using Application install path: /opt/st/stm32cubeide_1.11.0/plugins/com.st.stm32cube.common.mx_6.7.0.202211181646
2022-12-27 21:49:10,031 [INFO] MainUpdater:2800 - connection check result : 10
2022-12-27 21:49:10,032 [INFO] MainUpdater:3494 - Updater definition file requires update
2022-12-27 21:49:10,032 [INFO] MainUpdater:282 - Updater Check For Update Now.
2022-12-27 21:49:10,033 [INFO] MicroXplorer:481 - Change Database Version : DB.6.0.70
2022-12-27 21:49:10,087 [INFO] ServerAccessManage:474 - Download File updaters.zip
2022-12-27 21:49:10,166 [INFO] FileExtend:239 - Unzip File : updaters.zip
2022-12-27 21:49:10,166 [INFO] FileExtend:254 - Standard Zip Deflate
2022-12-27 21:49:10,364 [INFO] ServerAccessManage:474 - Download File PacksControlFlags.xml
2022-12-27 21:49:10,463 [INFO] ServerAccessManage:474 - Download File cubemx.pidx
2022-12-27 21:49:10,838 [INFO] ServerAccessManage:474 - Download File STMicroelectronics.X-CUBE-EEPRMA1.pdsc
2022-12-27 21:49:11,158 [ERROR] ServerAccessManage:1090 - Problem, file not found on Server
2022-12-27 21:49:11,502 [INFO] ServerAccessManage:474 - Download File STMicroelectronics.X-CUBE-TOUCHGFX.pdsc
2022-12-27 21:49:11,704 [WARN] MainUpdater:1186 - Updater busy. Cannot search thirdparties
2022-12-27 21:49:11,704 [INFO] ThirdPartyUpdaterWithRetryManager:96 - Updater plugin is busy. [1/15]
2022-12-27 21:49:12,054 [WARN] PackLoader:242 - Cannot read IP mode file for STMicroelectronics.X-CUBE-EEPRMA1.4.1.0
2022-12-27 21:49:12,060 [WARN] PackLoader:242 - Cannot read IP mode file for STMicroelectronics.X-CUBE-TOUCHGFX.4.21.0
2022-12-27 21:49:12,061 [INFO] PopulateThirdPartyThread:64 - Ending populate Thread
2022-12-27 21:49:12,062 [INFO] ThirdParty:999 - CMSIS Pack Vendor :STMicroelectronics X-CUBE-TOUCHGFX 4.21.0
2022-12-27 21:49:12,062 [INFO] ThirdParty:999 - CMSIS Pack Vendor :STMicroelectronics X-CUBE-EEPRMA1 4.1.0
2022-12-27 21:49:12,062 [INFO] LoadServerUpdatesThread:367 - End of LoadServerUpdate Thread
2022-12-27 21:49:12,176 [INFO] CheckServerUpdateThread:119 - End of CheckServer Thread
2022-12-27 21:49:12,244 [INFO] MainUpdater:2800 - connection check result : 10
2022-12-27 21:49:12,249 [INFO] McuFinderGlobals:65 - Set McuFinderConnectedMode to true
2022-12-27 21:49:12,740 [INFO] ServerAccessManage:474 - Download File mcusAds.json._tmp_
2022-12-27 21:49:12,852 [INFO] LoadUrlFilesThread:150 - End of LoadUrlFiles Thread
2022-12-27 21:49:12,892 [INFO] ServerAccessManage:474 - Download File cube-finder-db.zip
2022-12-27 21:49:14,705 [WARN] MainUpdater:1186 - Updater busy. Cannot search thirdparties
2022-12-27 21:49:14,705 [INFO] ThirdPartyUpdaterWithRetryManager:96 - Updater plugin is busy. [2/15]
2022-12-27 21:49:15,309 [INFO] FileExtend:239 - Unzip File : cube-finder-db.zip
2022-12-27 21:49:15,310 [INFO] FileExtend:254 - Standard Zip Deflate
2022-12-27 21:49:15,892 [INFO] LoadUrlFilesThread:150 - End of LoadUrlFiles Thread
2022-12-27 21:49:16,014 [INFO] ServerAccessManage:474 - Download File crdb.zip
2022-12-27 21:49:16,121 [INFO] FileExtend:239 - Unzip File : crdb.zip
2022-12-27 21:49:16,122 [INFO] FileExtend:254 - Standard Zip Deflate
2022-12-27 21:49:16,252 [INFO] LoadUrlFilesThread:150 - End of LoadUrlFiles Thread
2022-12-27 21:49:16,322 [INFO] ServerAccessManage:474 - Download File tutoVideoDB.zip
2022-12-27 21:49:16,332 [INFO] FileExtend:239 - Unzip File : tutoVideoDB.zip
2022-12-27 21:49:16,332 [INFO] FileExtend:254 - Standard Zip Deflate
2022-12-27 21:49:16,435 [INFO] LoadUrlFilesThread:150 - End of LoadUrlFiles Thread
2022-12-27 21:49:16,444 [INFO] JxBrowserEngine:114 - Initiate JxBrowser Engine with user profile folder
2022-12-27 21:49:17,314 [WARN] DbFile:40 - Overriding database path with different value: /home/cil/.stmcufinder/plugins/mcufinder/ => /home/cil/.stmcufinder/plugins/mcufinder
2022-12-27 21:49:17,358 [INFO] ServerAccessManage:474 - Download File api_config.json
2022-12-27 21:49:17,461 [INFO] LoadUrlFilesThread:150 - End of LoadUrlFiles Thread
2022-12-27 21:49:17,461 [INFO] DbMcusAds:52 - JSON generation date=Thu Sep 30 08:55:09 CEST 2021 (1632984909377)
2022-12-27 21:49:17,478 [INFO] LoadUrlFilesThread:179 - End of LoadServerUrlFiles without Thread
2022-12-27 21:49:17,479 [INFO] TargetSelectorAdapter:258 - Refresh data is successful
2022-12-27 21:49:17,597 [INFO] ApiDb:580 - Connected to CubeFinder SQLite database (/home/cil/.stmcufinder/plugins/mcufinder/mcu/cube-finder-db.db)
2022-12-27 21:49:17,640 [INFO] ApiDb:667 - CubeFinder database Data Model version=2.1
2022-12-27 21:49:17,640 [INFO] ApiDb:668 - CubeFinder database Configuration version=3.0.35
2022-12-27 21:49:17,641 [INFO] ApiDb:669 - CubeFinder database generation date=2022-12-01 (1669903473)
2022-12-27 21:49:17,641 [INFO] ApiDb:670 - CubeFinder database FW Pack versions=[FP-ATR-ASTRA1_V1.1.1, STM32Cube_FW_C0_V1.0.0, STM32Cube_FW_F4_V1.27.1, STM32Cube_FW_F7_V1.17.0, STM32Cube_FW_G0_V1.6.1, STM32Cube_FW_G4_V1.5.0, STM32Cube_FW_H5_V0.5.1, STM32Cube_FW_H7_V1.11.0, STM32Cube_FW_L5_V1.5.0, STM32Cube_FW_U5_V1.1.1, STM32Cube_FW_WBA_V0.2.0, STM32Cube_FW_WB_V1.15.0, STM32Cube_FW_WB_V1.15.0RC1, STM32Cube_FW_WL_V1.3.0, X-CUBE-ALGOBUILD_V1.3.0, X-CUBE-ALS_V1.0.1, X-CUBE-AZRTOS-F4_V1.1.0, X-CUBE-AZRTOS-F7_V1.1.0, X-CUBE-AZRTOS-G0_V1.1.0, X-CUBE-AZRTOS-G4_V1.0.0, X-CUBE-AZRTOS-H7_V2.1.0, X-CUBE-AZRTOS-L4_V1.0.0, X-CUBE-AZRTOS-L5_V1.0.0, X-CUBE-AZRTOS-WL_V1.0.0, X-CUBE-BLE1_V6.2.4, X-CUBE-BLE2_V3.3.0, X-CUBE-BLEMGR_V1.3.0, X-CUBE-EEPRMA1_V3.1.1, X-CUBE-GNSS1_V6.0.0, X-CUBE-MEMS1_V9.1.0, X-CUBE-MEMS1_V9.3.0, X-CUBE-NFC4_V2.0.5, X-CUBE-NFC7_V1.0.0, X-CUBE-SFXS2LP1_V4.0.0, X-CUBE-SUBG2_V5.0.0]
2022-12-27 21:49:17,790 [WARN] PackLoader:242 - Cannot read IP mode file for STMicroelectronics.X-CUBE-GNSS1.6.0.0
2022-12-27 21:49:17,829 [WARN] PackLoader:242 - Cannot read IP mode file for STMicroelectronics.X-CUBE-AZRTOS-F4.1.1.0
2022-12-27 21:49:17,859 [WARN] PackLoader:242 - Cannot read IP mode file for STMicroelectronics.X-CUBE-AZRTOS-F7.1.1.0
2022-12-27 21:49:17,873 [WARN] PackLoader:242 - Cannot read IP mode file for STMicroelectronics.X-CUBE-BLE1.6.2.4
2022-12-27 21:49:17,883 [WARN] PackLoader:242 - Cannot read IP mode file for emotas.I-CUBE-CANOPEN.1.1.3
2022-12-27 21:49:17,890 [WARN] PackLoader:242 - Cannot read IP mode file for STMicroelectronics.X-CUBE-NFC4.2.0.5
2022-12-27 21:49:17,894 [WARN] PackLoader:242 - Cannot read IP mode file for wolfSSL.I-CUBE-wolfSSL.5.5.3
2022-12-27 21:49:17,900 [WARN] PackLoader:242 - Cannot read IP mode file for STMicroelectronics.X-CUBE-NFC7.1.0.0
2022-12-27 21:49:17,908 [WARN] PackLoader:242 - Cannot read IP mode file for STMicroelectronics.X-CUBE-EEPRMA1.4.1.0
2022-12-27 21:49:17,915 [WARN] PackLoader:242 - Cannot read IP mode file for STMicroelectronics.X-CUBE-SFXS2LP1.4.0.0
2022-12-27 21:49:17,921 [WARN] PackLoader:242 - Cannot read IP mode file for STMicroelectronics.X-CUBE-BLE2.3.3.0
2022-12-27 21:49:17,926 [WARN] PackLoader:242 - Cannot read IP mode file for STMicroelectronics.X-CUBE-DISPLAY.2.2.0
2022-12-27 21:49:17,940 [WARN] PackLoader:242 - Cannot read IP mode file for STMicroelectronics.X-CUBE-TOF1.3.2.0
2022-12-27 21:49:17,968 [WARN] PackLoader:242 - Cannot read IP mode file for STMicroelectronics.X-CUBE-AZRTOS-H7.3.0.0
2022-12-27 21:49:17,973 [WARN] PackLoader:242 - Cannot read IP mode file for STMicroelectronics.X-CUBE-ISPU.1.1.0
2022-12-27 21:49:17,982 [WARN] PackLoader:242 - Cannot read IP mode file for RoweBots.I-CUBE-UNISONRTOS.5.5.0-4
2022-12-27 21:49:17,985 [WARN] PackLoader:242 - Cannot read IP mode file for STMicroelectronics.X-CUBE-TOUCHGFX.4.21.0
2022-12-27 21:49:18,024 [WARN] PackLoader:242 - Cannot read IP mode file for STMicroelectronics.X-CUBE-MEMS1.9.4.0
2022-12-27 21:49:18,159 [WARN] PackLoader:242 - Cannot read IP mode file for STMicroelectronics.X-CUBE-AI.7.3.0
2022-12-27 21:49:18,164 [WARN] PackLoader:242 - Cannot read IP mode file for STMicroelectronics.X-CUBE-ALGOBUILD.1.3.0
2022-12-27 21:49:18,175 [WARN] PackLoader:242 - Cannot read IP mode file for STMicroelectronics.X-CUBE-AZRTOS-L5.1.1.0
2022-12-27 21:49:18,191 [WARN] PackLoader:242 - Cannot read IP mode file for STMicroelectronics.X-CUBE-AZRTOS-G0.1.1.0
2022-12-27 21:49:18,200 [WARN] PackLoader:242 - Cannot read IP mode file for STMicroelectronics.X-CUBE-SUBG2.5.0.0
2022-12-27 21:49:18,207 [WARN] PackLoader:242 - Cannot read IP mode file for STMicroelectronics.FP-ATR-ASTRA1.1.1.1
2022-12-27 21:49:18,212 [WARN] PackLoader:242 - Cannot read IP mode file for STMicroelectronics.X-CUBE-BLEMGR.1.3.0
2022-12-27 21:49:18,225 [WARN] PackLoader:242 - Cannot read IP mode file for STMicroelectronics.X-CUBE-AZRTOS-G4.1.0.0
2022-12-27 21:49:18,229 [WARN] PackLoader:242 - Cannot read IP mode file for STMicroelectronics.FP-ATR-SIGFOX1.3.2.0
2022-12-27 21:49:18,243 [WARN] PackLoader:242 - Cannot read IP mode file for STMicroelectronics.X-CUBE-AZRTOS-L4.1.0.0
2022-12-27 21:49:18,249 [WARN] PackLoader:242 - Cannot read IP mode file for STMicroelectronics.X-CUBE-TOUCHGFX.4.20.0
2022-12-27 21:49:18,260 [WARN] PackLoader:242 - Cannot read IP mode file for STMicroelectronics.X-CUBE-AZRTOS-WL.1.0.0
2022-12-27 21:49:18,265 [WARN] PackLoader:242 - Cannot read IP mode file for portGmbH.I-Cube-SoM-uGOAL.1.1.0
2022-12-27 21:49:18,269 [WARN] PackLoader:242 - Cannot read IP mode file for STMicroelectronics.X-CUBE-ALS.1.0.1
2022-12-27 21:49:18,285 [WARN] PackLoader:242 - Cannot read IP mode file for STMicroelectronics.X-CUBE-AZRTOS-WB.1.1.0
2022-12-27 21:49:18,291 [WARN] PackLoader:242 - Cannot read IP mode file for STMicroelectronics.X-CUBE-EEPRMA1.3.1.1
2022-12-27 21:49:18,334 [WARN] PackLoader:242 - Cannot read IP mode file for SEGGER.I-CUBE-embOS.1.3.0
2022-12-27 21:49:18,388 [INFO] ThirdParty:947 - Integrity check success = true
2022-12-27 21:49:18,388 [INFO] IntegrityCheckThread:98 - exiting critical section [integrity check]
2022-12-27 21:49:18,388 [INFO] IntegrityCheckThread:101 - End integrity checks thread
2022-12-27 21:49:19,646 [INFO] ApiDb:239 - Found 143 in-development CPN: [B-WB1M-WPAN1, B-WL5M-SUBG1, NUCLEO-C031C6, STEVAL-PROTEUS1, STEVAL-STWINBX1, STM320518-EVAL, STM32C0116-DK, STM32C011D6Y3TR, STM32C011D6Y6TR, STM32C011F4P3, STM32C011F4P6, STM32C011F4U3, STM32C011F4U6TR, STM32C011F6P3, STM32C011F6P6, STM32C011F6U3, STM32C011F6U6TR, STM32C011J4M3, STM32C011J4M6, STM32C011J6M3, STM32C011J6M6, STM32C0316-DK, STM32C031C4T3, STM32C031C4T6, STM32C031C4U3, STM32C031C4U6, STM32C031C6T3, STM32C031C6T6, STM32C031C6U3, STM32C031C6U6, STM32C031F4P3, STM32C031F4P6, STM32C031F6P3, STM32C031F6P6, STM32C031G4U3, STM32C031G4U6, STM32C031G6U3, STM32C031G6U6, STM32C031K4T3, STM32C031K4T6, STM32C031K4U3, STM32C031K4U6, STM32C031K6T3, STM32C031K6T6, STM32C031K6U3, STM32C031K6U6, STM32G071K8TXN, STM32G071K8UXN, STM32G081GBU6N, STM32G081KBT6N, STM32G081KBUXN, STM32G0B1CCT6N, STM32G0B1KCT6, STM32G0B1NEY6TR, STM32G0B1RCT6N, STM32G0C1CCT6, STM32G0C1CCT6N, STM32G0C1CCU6N, STM32G0C1CET6N, STM32G0C1CEU6N, STM32G0C1KCT6, STM32G0C1NEY6TR, STM32G0C1RCI6N, STM32G0C1RCT6N, STM32G0C1REI6N, STM32G0C1RET6N, STM32G0C1VCI6, STM32G0C1VEI6, STM32G471CCT6, STM32G471CCU6, STM32G471CET3, STM32G471CET6, STM32G471CEU3, STM32G471CEU6, STM32G471MCT6, STM32G471MET3, STM32G471MET6, STM32G471MEY6TR, STM32G471QCT6, STM32G471QET3, STM32G471RCT6, STM32G471RET3, STM32G471RET6, STM32G471VCH6, STM32G471VCI6, STM32G471VCT6, STM32G471VEH3, STM32G471VEH6, STM32G471VEI3, STM32G471VEI6, STM32G471VET3, STM32G471VET6, STM32G474CCT6, STM32L476VGY6PTR, STM32L4R5QGI6STR, STM32MP131AAE3, STM32MP131AAF3, STM32MP131AAG3, STM32MP131CAE3, STM32MP131CAF3, STM32MP131CAG3, STM32MP131DAE7, STM32MP131DAF7, STM32MP131DAG7, STM32MP131FAE7, STM32MP131FAF7, STM32MP131FAG7, STM32MP133AAE3, STM32MP133AAF3, STM32MP133AAG3, STM32MP133CAE3, STM32MP133CAF3, STM32MP133CAG3, STM32MP133DAE7, STM32MP133DAF7, STM32MP133DAG7, STM32MP133FAE7, STM32MP133FAF7, STM32MP133FAG7, STM32MP135AAE3, STM32MP135AAF3, STM32MP135AAG3, STM32MP135CAE3, STM32MP135CAF3, STM32MP135CAG3, STM32MP135DAE7, STM32MP135DAF7, STM32MP135DAG7, STM32MP135F-DK, STM32MP135FAE7, STM32MP135FAF7, STM32MP135FAF7T, STM32MP135FAF7U, STM32MP135FAG7, STM32U595ZJT6Q, STM32U599BJY6QTR, STM32U599NIH6Q, STM32U599NJH6Q, STM32U5A5ZJT6Q, STM32U5A9BJY6QTR, STM32U5A9NJH6Q, STM32WB1MMCH6, STM32WL5MOCH6TR]
2022-12-27 21:49:19,652 [INFO] DbMcus:215 - Found 3582 MCUs, 3582 are supported
2022-12-27 21:49:19,660 [INFO] ApiDb:422 - Load user favorites file /home/cil/.stm32cubeide/favorites.mcus.txt: 0 item(s)
2022-12-27 21:49:19,661 [INFO] ApiDb:426 - User favorites MCUs=[]
2022-12-27 21:49:19,661 [INFO] DbMcus:221 - Set 0 / 0 favorites MCUs
2022-12-27 21:49:19,922 [INFO] ApiDb:667 - CubeFinder database Data Model version=2.1
2022-12-27 21:49:19,922 [INFO] ApiDb:668 - CubeFinder database Configuration version=3.0.35
2022-12-27 21:49:19,922 [INFO] ApiDb:669 - CubeFinder database generation date=2022-12-01 (1669903473)
2022-12-27 21:49:19,922 [INFO] ApiDb:670 - CubeFinder database FW Pack versions=[FP-ATR-ASTRA1_V1.1.1, STM32Cube_FW_C0_V1.0.0, STM32Cube_FW_F4_V1.27.1, STM32Cube_FW_F7_V1.17.0, STM32Cube_FW_G0_V1.6.1, STM32Cube_FW_G4_V1.5.0, STM32Cube_FW_H5_V0.5.1, STM32Cube_FW_H7_V1.11.0, STM32Cube_FW_L5_V1.5.0, STM32Cube_FW_U5_V1.1.1, STM32Cube_FW_WBA_V0.2.0, STM32Cube_FW_WB_V1.15.0, STM32Cube_FW_WB_V1.15.0RC1, STM32Cube_FW_WL_V1.3.0, X-CUBE-ALGOBUILD_V1.3.0, X-CUBE-ALS_V1.0.1, X-CUBE-AZRTOS-F4_V1.1.0, X-CUBE-AZRTOS-F7_V1.1.0, X-CUBE-AZRTOS-G0_V1.1.0, X-CUBE-AZRTOS-G4_V1.0.0, X-CUBE-AZRTOS-H7_V2.1.0, X-CUBE-AZRTOS-L4_V1.0.0, X-CUBE-AZRTOS-L5_V1.0.0, X-CUBE-AZRTOS-WL_V1.0.0, X-CUBE-BLE1_V6.2.4, X-CUBE-BLE2_V3.3.0, X-CUBE-BLEMGR_V1.3.0, X-CUBE-EEPRMA1_V3.1.1, X-CUBE-GNSS1_V6.0.0, X-CUBE-MEMS1_V9.1.0, X-CUBE-MEMS1_V9.3.0, X-CUBE-NFC4_V2.0.5, X-CUBE-NFC7_V1.0.0, X-CUBE-SFXS2LP1_V4.0.0, X-CUBE-SUBG2_V5.0.0]
2022-12-27 21:49:19,988 [INFO] DbBoardsSqlite:225 - include board P-NUCLEO-WB55-NUCLEO as a kit item of type 'Nucleo-64'
2022-12-27 21:49:19,989 [INFO] DbBoardsSqlite:225 - include board P-NUCLEO-WB55-USBDONGLE as a kit item of type 'Nucleo USB Dongle'
2022-12-27 21:49:19,989 [INFO] DbBoardsSqlite:225 - include board STEVAL-IDP005V1 as a kit item of type 'Evaluation Board'
2022-12-27 21:49:19,989 [INFO] DbBoardsSqlite:225 - include board STEVAL-IDP005V2 as a kit item of type 'Evaluation Board'
2022-12-27 21:49:20,024 [INFO] ApiDb:239 - Found 143 in-development CPN: [B-WB1M-WPAN1, B-WL5M-SUBG1, NUCLEO-C031C6, STEVAL-PROTEUS1, STEVAL-STWINBX1, STM320518-EVAL, STM32C0116-DK, STM32C011D6Y3TR, STM32C011D6Y6TR, STM32C011F4P3, STM32C011F4P6, STM32C011F4U3, STM32C011F4U6TR, STM32C011F6P3, STM32C011F6P6, STM32C011F6U3, STM32C011F6U6TR, STM32C011J4M3, STM32C011J4M6, STM32C011J6M3, STM32C011J6M6, STM32C0316-DK, STM32C031C4T3, STM32C031C4T6, STM32C031C4U3, STM32C031C4U6, STM32C031C6T3, STM32C031C6T6, STM32C031C6U3, STM32C031C6U6, STM32C031F4P3, STM32C031F4P6, STM32C031F6P3, STM32C031F6P6, STM32C031G4U3, STM32C031G4U6, STM32C031G6U3, STM32C031G6U6, STM32C031K4T3, STM32C031K4T6, STM32C031K4U3, STM32C031K4U6, STM32C031K6T3, STM32C031K6T6, STM32C031K6U3, STM32C031K6U6, STM32G071K8TXN, STM32G071K8UXN, STM32G081GBU6N, STM32G081KBT6N, STM32G081KBUXN, STM32G0B1CCT6N, STM32G0B1KCT6, STM32G0B1NEY6TR, STM32G0B1RCT6N, STM32G0C1CCT6, STM32G0C1CCT6N, STM32G0C1CCU6N, STM32G0C1CET6N, STM32G0C1CEU6N, STM32G0C1KCT6, STM32G0C1NEY6TR, STM32G0C1RCI6N, STM32G0C1RCT6N, STM32G0C1REI6N, STM32G0C1RET6N, STM32G0C1VCI6, STM32G0C1VEI6, STM32G471CCT6, STM32G471CCU6, STM32G471CET3, STM32G471CET6, STM32G471CEU3, STM32G471CEU6, STM32G471MCT6, STM32G471MET3, STM32G471MET6, STM32G471MEY6TR, STM32G471QCT6, STM32G471QET3, STM32G471RCT6, STM32G471RET3, STM32G471RET6, STM32G471VCH6, STM32G471VCI6, STM32G471VCT6, STM32G471VEH3, STM32G471VEH6, STM32G471VEI3, STM32G471VEI6, STM32G471VET3, STM32G471VET6, STM32G474CCT6, STM32L476VGY6PTR, STM32L4R5QGI6STR, STM32MP131AAE3, STM32MP131AAF3, STM32MP131AAG3, STM32MP131CAE3, STM32MP131CAF3, STM32MP131CAG3, STM32MP131DAE7, STM32MP131DAF7, STM32MP131DAG7, STM32MP131FAE7, STM32MP131FAF7, STM32MP131FAG7, STM32MP133AAE3, STM32MP133AAF3, STM32MP133AAG3, STM32MP133CAE3, STM32MP133CAF3, STM32MP133CAG3, STM32MP133DAE7, STM32MP133DAF7, STM32MP133DAG7, STM32MP133FAE7, STM32MP133FAF7, STM32MP133FAG7, STM32MP135AAE3, STM32MP135AAF3, STM32MP135AAG3, STM32MP135CAE3, STM32MP135CAF3, STM32MP135CAG3, STM32MP135DAE7, STM32MP135DAF7, STM32MP135DAG7, STM32MP135F-DK, STM32MP135FAE7, STM32MP135FAF7, STM32MP135FAF7T, STM32MP135FAF7U, STM32MP135FAG7, STM32U595ZJT6Q, STM32U599BJY6QTR, STM32U599NIH6Q, STM32U599NJH6Q, STM32U5A5ZJT6Q, STM32U5A9BJY6QTR, STM32U5A9NJH6Q, STM32WB1MMCH6, STM32WL5MOCH6TR]
2022-12-27 21:49:20,132 [INFO] BoardInfo:879 - No configuration file found for board P-NUCLEO-WB55
2022-12-27 21:49:20,132 [INFO] DbBoards:156 - Kit is not supported: P-NUCLEO-WB55
2022-12-27 21:49:20,137 [INFO] BoardInfo:879 - No configuration file found for board STEVAL-BFA001V1B
2022-12-27 21:49:20,138 [INFO] DbBoards:156 - Kit is not supported: STEVAL-BFA001V1B
2022-12-27 21:49:20,139 [INFO] BoardInfo:879 - No configuration file found for board STEVAL-BFA001V2B
2022-12-27 21:49:20,139 [INFO] DbBoards:156 - Kit is not supported: STEVAL-BFA001V2B
2022-12-27 21:49:20,257 [INFO] DbBoards:160 - Found 179 boards, 176 are supported
2022-12-27 21:49:20,264 [INFO] ApiDb:422 - Load user favorites file /home/cil/.stm32cubeide/favorites.boards.txt: 0 item(s)
2022-12-27 21:49:20,264 [INFO] ApiDb:426 - User favorites Boards=[]
2022-12-27 21:49:20,264 [INFO] DbBoards:189 - Set 0 / 0 favorites Boards
2022-12-27 21:49:20,269 [INFO] ApiDb:667 - CubeFinder database Data Model version=2.1
2022-12-27 21:49:20,269 [INFO] ApiDb:668 - CubeFinder database Configuration version=3.0.35
2022-12-27 21:49:20,269 [INFO] ApiDb:669 - CubeFinder database generation date=2022-12-01 (1669903473)
2022-12-27 21:49:20,269 [INFO] ApiDb:670 - CubeFinder database FW Pack versions=[FP-ATR-ASTRA1_V1.1.1, STM32Cube_FW_C0_V1.0.0, STM32Cube_FW_F4_V1.27.1, STM32Cube_FW_F7_V1.17.0, STM32Cube_FW_G0_V1.6.1, STM32Cube_FW_G4_V1.5.0, STM32Cube_FW_H5_V0.5.1, STM32Cube_FW_H7_V1.11.0, STM32Cube_FW_L5_V1.5.0, STM32Cube_FW_U5_V1.1.1, STM32Cube_FW_WBA_V0.2.0, STM32Cube_FW_WB_V1.15.0, STM32Cube_FW_WB_V1.15.0RC1, STM32Cube_FW_WL_V1.3.0, X-CUBE-ALGOBUILD_V1.3.0, X-CUBE-ALS_V1.0.1, X-CUBE-AZRTOS-F4_V1.1.0, X-CUBE-AZRTOS-F7_V1.1.0, X-CUBE-AZRTOS-G0_V1.1.0, X-CUBE-AZRTOS-G4_V1.0.0, X-CUBE-AZRTOS-H7_V2.1.0, X-CUBE-AZRTOS-L4_V1.0.0, X-CUBE-AZRTOS-L5_V1.0.0, X-CUBE-AZRTOS-WL_V1.0.0, X-CUBE-BLE1_V6.2.4, X-CUBE-BLE2_V3.3.0, X-CUBE-BLEMGR_V1.3.0, X-CUBE-EEPRMA1_V3.1.1, X-CUBE-GNSS1_V6.0.0, X-CUBE-MEMS1_V9.1.0, X-CUBE-MEMS1_V9.3.0, X-CUBE-NFC4_V2.0.5, X-CUBE-NFC7_V1.0.0, X-CUBE-SFXS2LP1_V4.0.0, X-CUBE-SUBG2_V5.0.0]
2022-12-27 21:49:20,962 [INFO] DbExamplesSqlite:375 - Ignored 31 examples not supported by CubeIDE
2022-12-27 21:49:20,962 [INFO] DbExamplesSqlite:376 - Found 6218 examples active
2022-12-27 21:49:20,962 [INFO] DbExamplesSqlite:377 - Found 275 examples obsolete
2022-12-27 21:49:20,962 [INFO] DbExamplesSqlite:378 - Found 0 examples under development
2022-12-27 21:49:20,962 [INFO] DbExamplesSqlite:379 - Found 76 examples not building
2022-12-27 21:49:20,963 [INFO] DbExamples:124 - Found 6263 examples
2022-12-27 21:49:21,001 [ERROR] DbExamples:207 - Found 106 examples with invalid data (board or MCU)
2022-12-27 21:49:21,002 [INFO] DbExamples:221 - Found 78 boards with related examples
2022-12-27 21:49:21,002 [INFO] DbExamples:234 - Found 63 MCUs with related examples
2022-12-27 21:49:21,019 [INFO] ApiDb:422 - Load user favorites file /home/cil/.stm32cubeide/favorites.examples.txt: 0 item(s)
2022-12-27 21:49:21,019 [INFO] ApiDb:426 - User favorites Examples=[]
2022-12-27 21:49:21,019 [INFO] DbExamples:249 - Set 0 / 0 favorites Examples
2022-12-27 21:49:21,211 [INFO] McuFinderGlobals:65 - Set McuFinderConnectedMode to true
2022-12-27 21:49:21,220 [INFO] MultiScanPanel:196 - Auto-refresh data requested => check proxy status ongoing
2022-12-27 21:49:21,223 [INFO] FinderPluginLoader:92 - Searching for filters in installed packs
2022-12-27 21:49:22,488 [INFO] LoadUrlFilesThread:179 - End of LoadServerUrlFiles without Thread
2022-12-27 21:49:22,519 [INFO] DetailPanel:339 - Set advertising image to /home/cil/STM32Cube/Repository//en.Prom_NBSTM32U50921.jpg
2022-12-27 21:49:38,855 [INFO] MultiScanPanel:196 - Auto-refresh data requested => check proxy status ongoing
2022-12-27 21:49:38,972 [INFO] LoadUrlFilesThread:179 - End of LoadServerUrlFiles without Thread
2022-12-27 21:49:38,972 [INFO] DetailPanel:339 - Set advertising image to /home/cil/STM32Cube/Repository//en.Prom_NBSTM32U50921.jpg
2022-12-27 21:49:38,992 [INFO] DbBoards:633 - Loading board mini-images...
2022-12-27 21:49:39,086 [ERROR] DbBoards:650 - Image file not found for board B-WL5M-SUBG1: /home/cil/.stmcufinder/plugins/mcufinder//mcu//boards_images/B-WL5M-SUBG1.jpg
2022-12-27 21:49:40,066 [ERROR] DbBoards:650 - Image file not found for board STEVAL-STWINBX1: /home/cil/.stmcufinder/plugins/mcufinder//mcu//boards_images/STEVAL-STWINBX1.jpg
2022-12-27 21:49:41,112 [INFO] DbBoards:656 - Loaded 177 board mini-images
2022-12-27 21:50:04,246 [INFO] MetaSearchPanel:253 - search for filter with key=Discovery Kit
2022-12-27 21:50:04,247 [INFO] MetaSearchPanel:354 - search for filter component Type
2022-12-27 21:50:04,254 [INFO] MetaSearchPanel:328 - Collapse all filters sections
2022-12-27 21:51:56,016 [INFO] ServerAccessManage:474 - Download File DB1421.pdf
2022-12-27 21:51:56,247 [INFO] LoadUrlFilesThread:150 - End of LoadUrlFiles Thread
2022-12-27 21:51:56,298 [INFO] BoardAction:139 - Datasheet
2022-12-27 21:52:04,871 [INFO] BoardAction:75 - Docs & Resources
2022-12-27 21:52:54,374 [INFO] ServerAccessManage:474 - Download File UM2052.pdf
2022-12-27 21:52:54,649 [INFO] LoadUrlFilesThread:150 - End of LoadUrlFiles Thread
2022-12-27 21:53:51,633 [INFO] ServerAccessManage:474 - Download File 19308.pdf
2022-12-27 21:53:51,844 [INFO] LoadUrlFilesThread:150 - End of LoadUrlFiles Thread
2022-12-27 21:56:06,969 [INFO] McuFinderGlobals:65 - Set McuFinderConnectedMode to true
2022-12-27 21:56:06,971 [INFO] ApiDb:447 - Save user favorites file /home/cil/.stm32cubeide/favorites.mcus.txt: 0 item(s)
2022-12-27 21:56:06,972 [INFO] ApiDb:451 - User favorites MCUs=[]
2022-12-27 21:56:06,973 [INFO] ApiDb:447 - Save user favorites file /home/cil/.stm32cubeide/favorites.boards.txt: 0 item(s)
2022-12-27 21:56:06,974 [INFO] ApiDb:451 - User favorites Boards=[]
2022-12-27 23:30:53,243 [INFO] LogOutputStream:76 - [STDOUT_REDIRECT] StartTraceHandler.execute(), success : Collect=true
2022-12-27 23:33:30,569 [INFO] LogOutputStream:76 - [STDOUT_REDIRECT] StartTraceHandler.execute(), success : Collect=false
2022-12-27 23:33:31,136 [INFO] LogOutputStream:76 - [STDOUT_REDIRECT] StartTraceHandler.execute(), success : Collect=true
2022-12-27 23:33:32,192 [INFO] LogOutputStream:76 - [STDOUT_REDIRECT] StartTraceHandler.execute(), success : Collect=false
2022-12-27 23:33:34,160 [INFO] LogOutputStream:76 - [STDOUT_REDIRECT] StartTraceHandler.execute(), success : Collect=true
2022-12-27 23:33:35,359 [INFO] LogOutputStream:76 - [STDOUT_REDIRECT] StartTraceHandler.execute(), success : Collect=false
2022-12-27 23:34:24,205 [INFO] LogOutputStream:76 - [STDOUT_REDIRECT] StartTraceHandler.execute(), success : Collect=true
2022-12-27 23:37:55,249 [ERROR] LogOutputStream:74 - [STDERR_REDIRECT] org.eclipse.core.commands.NotEnabledException: Trying to execute the disabled command com.st.stm32cube.ide.mcu.debug.swv.core.start_trace
2022-12-27 23:37:55,250 [ERROR] LogOutputStream:74 - [STDERR_REDIRECT] 	at org.eclipse.core.commands.Command.executeWithChecks(Command.java:479)
2022-12-27 23:37:55,251 [ERROR] LogOutputStream:74 - [STDERR_REDIRECT] 	at org.eclipse.core.commands.ParameterizedCommand.executeWithChecks(ParameterizedCommand.java:487)
2022-12-27 23:37:55,251 [ERROR] LogOutputStream:74 - [STDERR_REDIRECT] 	at org.eclipse.e4.core.commands.internal.HandlerServiceImpl.executeHandler(HandlerServiceImpl.java:213)
2022-12-27 23:37:55,252 [ERROR] LogOutputStream:74 - [STDERR_REDIRECT] 	at org.eclipse.ui.internal.handlers.LegacyHandlerService.executeCommand(LegacyHandlerService.java:389)
2022-12-27 23:37:55,252 [ERROR] LogOutputStream:74 - [STDERR_REDIRECT] 	at org.eclipse.ui.internal.handlers.LegacyHandlerService.executeCommand(LegacyHandlerService.java:366)
2022-12-27 23:37:55,253 [ERROR] LogOutputStream:74 - [STDERR_REDIRECT] 	at com.st.stm32cube.ide.mcu.debug.swv.core.ui.SWVView$OpenConfigAction.run(SWVView.java:86)
2022-12-27 23:37:55,253 [ERROR] LogOutputStream:74 - [STDERR_REDIRECT] 	at org.eclipse.jface.action.Action.runWithEvent(Action.java:474)
2022-12-27 23:37:55,254 [ERROR] LogOutputStream:74 - [STDERR_REDIRECT] 	at org.eclipse.jface.action.ActionContributionItem.handleWidgetSelection(ActionContributionItem.java:580)
2022-12-27 23:37:55,254 [ERROR] LogOutputStream:74 - [STDERR_REDIRECT] 	at org.eclipse.jface.action.ActionContributionItem.lambda$5(ActionContributionItem.java:453)
2022-12-27 23:37:55,255 [ERROR] LogOutputStream:74 - [STDERR_REDIRECT] 	at org.eclipse.swt.widgets.EventTable.sendEvent(EventTable.java:89)
2022-12-27 23:37:55,255 [ERROR] LogOutputStream:74 - [STDERR_REDIRECT] 	at org.eclipse.swt.widgets.Display.sendEvent(Display.java:5895)
2022-12-27 23:37:55,256 [ERROR] LogOutputStream:74 - [STDERR_REDIRECT] 	at org.eclipse.swt.widgets.Widget.sendEvent(Widget.java:1520)
2022-12-27 23:37:55,256 [ERROR] LogOutputStream:74 - [STDERR_REDIRECT] 	at org.eclipse.swt.widgets.Display.runDeferredEvents(Display.java:5126)
2022-12-27 23:37:55,257 [ERROR] LogOutputStream:74 - [STDERR_REDIRECT] 	at org.eclipse.swt.widgets.Display.readAndDispatch(Display.java:4581)
2022-12-27 23:37:55,257 [ERROR] LogOutputStream:74 - [STDERR_REDIRECT] 	at org.eclipse.e4.ui.internal.workbench.swt.PartRenderingEngine$5.run(PartRenderingEngine.java:1155)
2022-12-27 23:37:55,258 [ERROR] LogOutputStream:74 - [STDERR_REDIRECT] 	at org.eclipse.core.databinding.observable.Realm.runWithDefault(Realm.java:338)
2022-12-27 23:37:55,259 [ERROR] LogOutputStream:74 - [STDERR_REDIRECT] 	at org.eclipse.e4.ui.internal.workbench.swt.PartRenderingEngine.run(PartRenderingEngine.java:1046)
2022-12-27 23:37:55,259 [ERROR] LogOutputStream:74 - [STDERR_REDIRECT] 	at org.eclipse.e4.ui.internal.workbench.E4Workbench.createAndRunUI(E4Workbench.java:155)
2022-12-27 23:37:55,260 [ERROR] LogOutputStream:74 - [STDERR_REDIRECT] 	at org.eclipse.ui.internal.Workbench.lambda$3(Workbench.java:644)
2022-12-27 23:37:55,260 [ERROR] LogOutputStream:74 - [STDERR_REDIRECT] 	at org.eclipse.core.databinding.observable.Realm.runWithDefault(Realm.java:338)
2022-12-27 23:37:55,261 [ERROR] LogOutputStream:74 - [STDERR_REDIRECT] 	at org.eclipse.ui.internal.Workbench.createAndRunWorkbench(Workbench.java:551)
2022-12-27 23:37:55,262 [ERROR] LogOutputStream:74 - [STDERR_REDIRECT] 	at org.eclipse.ui.PlatformUI.createAndRunWorkbench(PlatformUI.java:156)
2022-12-27 23:37:55,262 [ERROR] LogOutputStream:74 - [STDERR_REDIRECT] 	at org.eclipse.ui.internal.ide.application.IDEApplication.start(IDEApplication.java:152)
2022-12-27 23:37:55,263 [ERROR] LogOutputStream:74 - [STDERR_REDIRECT] 	at org.eclipse.equinox.internal.app.EclipseAppHandle.run(EclipseAppHandle.java:203)
2022-12-27 23:37:55,263 [ERROR] LogOutputStream:74 - [STDERR_REDIRECT] 	at org.eclipse.core.runtime.internal.adaptor.EclipseAppLauncher.runApplication(EclipseAppLauncher.java:136)
2022-12-27 23:37:55,264 [ERROR] LogOutputStream:74 - [STDERR_REDIRECT] 	at org.eclipse.core.runtime.internal.adaptor.EclipseAppLauncher.start(EclipseAppLauncher.java:104)
2022-12-27 23:37:55,264 [ERROR] LogOutputStream:74 - [STDERR_REDIRECT] 	at org.eclipse.core.runtime.adaptor.EclipseStarter.run(EclipseStarter.java:401)
2022-12-27 23:37:55,265 [ERROR] LogOutputStream:74 - [STDERR_REDIRECT] 	at org.eclipse.core.runtime.adaptor.EclipseStarter.run(EclipseStarter.java:255)
2022-12-27 23:37:55,265 [ERROR] LogOutputStream:74 - [STDERR_REDIRECT] 	at java.base/jdk.internal.reflect.NativeMethodAccessorImpl.invoke0(Native Method)
2022-12-27 23:37:55,265 [ERROR] LogOutputStream:74 - [STDERR_REDIRECT] 	at java.base/jdk.internal.reflect.NativeMethodAccessorImpl.invoke(NativeMethodAccessorImpl.java:62)
2022-12-27 23:37:55,266 [ERROR] LogOutputStream:74 - [STDERR_REDIRECT] 	at java.base/jdk.internal.reflect.DelegatingMethodAccessorImpl.invoke(DelegatingMethodAccessorImpl.java:43)
2022-12-27 23:37:55,266 [ERROR] LogOutputStream:74 - [STDERR_REDIRECT] 	at java.base/java.lang.reflect.Method.invoke(Method.java:566)
2022-12-27 23:37:55,266 [ERROR] LogOutputStream:74 - [STDERR_REDIRECT] 	at org.eclipse.equinox.launcher.Main.invokeFramework(Main.java:659)
2022-12-27 23:37:55,267 [ERROR] LogOutputStream:74 - [STDERR_REDIRECT] 	at org.eclipse.equinox.launcher.Main.basicRun(Main.java:596)
2022-12-27 23:37:55,267 [ERROR] LogOutputStream:74 - [STDERR_REDIRECT] 	at org.eclipse.equinox.launcher.Main.run(Main.java:1467)
2022-12-27 23:37:55,267 [ERROR] LogOutputStream:74 - [STDERR_REDIRECT] 	at org.eclipse.equinox.launcher.Main.main(Main.java:1440)
2022-12-27 23:38:25,970 [INFO] LogOutputStream:76 - [STDOUT_REDIRECT] StartTraceHandler.execute(), success : Collect=false
2022-12-27 23:38:38,927 [INFO] LogOutputStream:76 - [STDOUT_REDIRECT] StartTraceHandler.execute(), success : Collect=true
2022-12-27 23:44:16,655 [INFO] LogOutputStream:76 - [STDOUT_REDIRECT] StartTraceHandler.execute(), success : Collect=false
2022-12-27 23:44:18,679 [INFO] LogOutputStream:76 - [STDOUT_REDIRECT] StartTraceHandler.execute(), success : Collect=true
2022-12-27 23:44:25,669 [INFO] LogOutputStream:76 - [STDOUT_REDIRECT] StartTraceHandler.execute(), success : Collect=false
2022-12-27 23:44:59,081 [INFO] LogOutputStream:76 - [STDOUT_REDIRECT] StartTraceHandler.execute(), success : Collect=true
2022-12-27 23:45:01,423 [INFO] LogOutputStream:76 - [STDOUT_REDIRECT] StartTraceHandler.execute(), success : Collect=false
2022-12-27 23:45:02,264 [INFO] LogOutputStream:76 - [STDOUT_REDIRECT] StartTraceHandler.execute(), success : Collect=true
2022-12-27 23:45:03,060 [INFO] LogOutputStream:76 - [STDOUT_REDIRECT] StartTraceHandler.execute(), success : Collect=false
2022-12-27 23:45:04,994 [INFO] LogOutputStream:76 - [STDOUT_REDIRECT] StartTraceHandler.execute(), success : Collect=true
2022-12-27 23:56:10,949 [INFO] LogOutputStream:76 - [STDOUT_REDIRECT] StartTraceHandler.execute(), success : Collect=false
2022-12-27 23:56:11,530 [INFO] LogOutputStream:76 - [STDOUT_REDIRECT] StartTraceHandler.execute(), success : Collect=true
2022-12-28 01:01:43,958 [INFO] LogOutputStream:76 - [STDOUT_REDIRECT] StartTraceHandler.execute(), success : Collect=false
2022-12-28 01:01:44,768 [INFO] LogOutputStream:76 - [STDOUT_REDIRECT] StartTraceHandler.execute(), success : Collect=true
2022-12-28 01:32:11,310 [INFO] WebAppUi:459 - Close the Jxbrowser engine manually
2022-12-28 01:32:11,344 [INFO] WebAppUi:462 - Profiles folder deleted
2022-12-28 01:32:11,580 [ERROR] LogOutputStream:74 - [STDERR_REDIRECT] 
2022-12-28 10:43:29,956 [INFO] Activator:179 - 


2022-12-28 10:43:29,957 [INFO] Activator:180 - !SESSION log4j initialized
2022-12-28 10:43:54,142 [ERROR] LogOutputStream:74 - [STDERR_REDIRECT] SLF4J: Failed to load class "org.slf4j.impl.StaticLoggerBinder".
2022-12-28 10:43:54,143 [ERROR] LogOutputStream:74 - [STDERR_REDIRECT] SLF4J: Defaulting to no-operation (NOP) logger implementation
2022-12-28 10:43:54,143 [ERROR] LogOutputStream:74 - [STDERR_REDIRECT] SLF4J: See http://www.slf4j.org/codes.html#StaticLoggerBinder for further details.
2022-12-29 21:42:01,649 [INFO] Activator:179 - 


2022-12-29 21:42:01,650 [INFO] Activator:180 - !SESSION log4j initialized
2022-12-29 21:42:25,632 [ERROR] LogOutputStream:74 - [STDERR_REDIRECT] SLF4J: Failed to load class "org.slf4j.impl.StaticLoggerBinder".
2022-12-29 21:42:25,633 [ERROR] LogOutputStream:74 - [STDERR_REDIRECT] SLF4J: Defaulting to no-operation (NOP) logger implementation
2022-12-29 21:42:25,634 [ERROR] LogOutputStream:74 - [STDERR_REDIRECT] SLF4J: See http://www.slf4j.org/codes.html#StaticLoggerBinder for further details.
2022-12-29 21:48:03,958 [INFO] LogOutputStream:76 - [STDOUT_REDIRECT] StartTraceHandler.execute(), success : Collect=true
2023-01-03 11:14:01,947 [INFO] Activator:179 - 


2023-01-03 11:14:01,948 [INFO] Activator:180 - !SESSION log4j initialized
2023-01-03 11:14:28,040 [ERROR] LogOutputStream:74 - [STDERR_REDIRECT] SLF4J: Failed to load class "org.slf4j.impl.StaticLoggerBinder".
2023-01-03 11:14:28,041 [ERROR] LogOutputStream:74 - [STDERR_REDIRECT] SLF4J: Defaulting to no-operation (NOP) logger implementation
2023-01-03 11:14:28,041 [ERROR] LogOutputStream:74 - [STDERR_REDIRECT] SLF4J: See http://www.slf4j.org/codes.html#StaticLoggerBinder for further details.
